[    0.000000] Linux version 4.15.0-212-generic (buildd@lcy02-amd64-083) (gcc version 7.5.0 (Ubuntu 7.5.0-3ubuntu1~18.04)) #223-Ubuntu SMP Tue May 23 13:09:22 UTC 2023 (Ubuntu 4.15.0-212.223-generic 4.15.18)
[    0.000000] Command line: BOOT_IMAGE=/boot/vmlinuz-4.15.0-212-generic root=LABEL=cloudimg-rootfs ro console=tty1 console=ttyS0
[    0.000000] KERNEL supported cpus:
[    0.000000]   Intel GenuineIntel
[    0.000000]   AMD AuthenticAMD
[    0.000000]   Centaur CentaurHauls
[    0.000000] [Firmware Bug]: TSC doesn't count with P0 frequency!
[    0.000000] x86/fpu: x87 FPU will use FXSAVE
[    0.000000] e820: BIOS-provided physical RAM map:
[    0.000000] BIOS-e820: [mem 0x0000000000000000-0x000000000009fbff] usable
[    0.000000] BIOS-e820: [mem 0x000000000009fc00-0x000000000009ffff] reserved
[    0.000000] BIOS-e820: [mem 0x00000000000f0000-0x00000000000fffff] reserved
[    0.000000] BIOS-e820: [mem 0x0000000000100000-0x000000000ffeffff] usable
[    0.000000] BIOS-e820: [mem 0x000000000fff0000-0x000000000fffffff] ACPI data
[    0.000000] BIOS-e820: [mem 0x00000000fec00000-0x00000000fec00fff] reserved
[    0.000000] BIOS-e820: [mem 0x00000000fee00000-0x00000000fee00fff] reserved
[    0.000000] BIOS-e820: [mem 0x00000000fffc0000-0x00000000ffffffff] reserved
[    0.000000] NX (Execute Disable) protection: active
[    0.000000] SMBIOS 2.5 present.
[    0.000000] DMI: innotek GmbH VirtualBox/VirtualBox, BIOS VirtualBox 12/01/2006
[    0.000000] Hypervisor detected: KVM
[    0.000000] e820: last_pfn = 0xfff0 max_arch_pfn = 0x400000000
[    0.000000] MTRR: Disabled
[    0.000000] x86/PAT: MTRRs disabled, skipping PAT initialization too.
[    0.000000] CPU MTRRs all blank - virtualized system.
[    0.000000] x86/PAT: Configuration [0-7]: WB  WT  UC- UC  WB  WT  UC- UC  
[    0.000000] found SMP MP-table at [mem 0x0009fff0-0x0009ffff]
[    0.000000] Scanning 1 areas for low memory corruption
[    0.000000] RAMDISK: [mem 0x0dafa000-0x0ee0bfff]
[    0.000000] ACPI: Early table checksum verification disabled
[    0.000000] ACPI: RSDP 0x00000000000E0000 000024 (v02 VBOX  )
[    0.000000] ACPI: XSDT 0x000000000FFF0030 00003C (v01 VBOX   VBOXXSDT 00000001 ASL  00000061)
[    0.000000] ACPI: FACP 0x000000000FFF00F0 0000F4 (v04 VBOX   VBOXFACP 00000001 ASL  00000061)
[    0.000000] ACPI: DSDT 0x000000000FFF0610 002353 (v02 VBOX   VBOXBIOS 00000002 INTL 20100528)
[    0.000000] ACPI: FACS 0x000000000FFF0200 000040
[    0.000000] ACPI: FACS 0x000000000FFF0200 000040
[    0.000000] ACPI: APIC 0x000000000FFF0240 000054 (v02 VBOX   VBOXAPIC 00000001 ASL  00000061)
[    0.000000] ACPI: SSDT 0x000000000FFF02A0 00036C (v01 VBOX   VBOXCPUT 00000002 INTL 20100528)
[    0.000000] ACPI: Reserving FACP table memory at [mem 0xfff00f0-0xfff01e3]
[    0.000000] ACPI: Reserving DSDT table memory at [mem 0xfff0610-0xfff2962]
[    0.000000] ACPI: Reserving FACS table memory at [mem 0xfff0200-0xfff023f]
[    0.000000] ACPI: Reserving FACS table memory at [mem 0xfff0200-0xfff023f]
[    0.000000] ACPI: Reserving APIC table memory at [mem 0xfff0240-0xfff0293]
[    0.000000] ACPI: Reserving SSDT table memory at [mem 0xfff02a0-0xfff060b]
[    0.000000] No NUMA configuration found
[    0.000000] Faking a node at [mem 0x0000000000000000-0x000000000ffeffff]
[    0.000000] NODE_DATA(0) allocated [mem 0x0ffc5000-0x0ffeffff]
[    0.000000] kvm-clock: cpu 0, msr 0:ff44001, primary cpu clock
[    0.000000] kvm-clock: Using msrs 4b564d01 and 4b564d00
[    0.000000] kvm-clock: using sched offset of 4375431541 cycles
[    0.000000] clocksource: kvm-clock: mask: 0xffffffffffffffff max_cycles: 0x1cd42e4dffb, max_idle_ns: 881590591483 ns
[    0.000000] Zone ranges:
[    0.000000]   DMA      [mem 0x0000000000001000-0x0000000000ffffff]
[    0.000000]   DMA32    [mem 0x0000000001000000-0x000000000ffeffff]
[    0.000000]   Normal   empty
[    0.000000]   Device   empty
[    0.000000] Movable zone start for each node
[    0.000000] Early memory node ranges
[    0.000000]   node   0: [mem 0x0000000000001000-0x000000000009efff]
[    0.000000]   node   0: [mem 0x0000000000100000-0x000000000ffeffff]
[    0.000000] Reserved but unavailable: 104 pages
[    0.000000] Initmem setup node 0 [mem 0x0000000000001000-0x000000000ffeffff]
[    0.000000] ACPI: PM-Timer IO Port: 0x4008
[    0.000000] IOAPIC[0]: apic_id 1, version 32, address 0xfec00000, GSI 0-23
[    0.000000] ACPI: INT_SRC_OVR (bus 0 bus_irq 0 global_irq 2 dfl dfl)
[    0.000000] ACPI: INT_SRC_OVR (bus 0 bus_irq 9 global_irq 9 low level)
[    0.000000] Using ACPI (MADT) for SMP configuration information
[    0.000000] smpboot: Allowing 1 CPUs, 0 hotplug CPUs
[    0.000000] PM: Registered nosave memory: [mem 0x00000000-0x00000fff]
[    0.000000] PM: Registered nosave memory: [mem 0x0009f000-0x0009ffff]
[    0.000000] PM: Registered nosave memory: [mem 0x000a0000-0x000effff]
[    0.000000] PM: Registered nosave memory: [mem 0x000f0000-0x000fffff]
[    0.000000] e820: [mem 0x10000000-0xfebfffff] available for PCI devices
[    0.000000] Booting paravirtualized kernel on KVM
[    0.000000] clocksource: refined-jiffies: mask: 0xffffffff max_cycles: 0xffffffff, max_idle_ns: 7645519600211568 ns
[    0.000000] setup_percpu: NR_CPUS:8192 nr_cpumask_bits:1 nr_cpu_ids:1 nr_node_ids:1
[    0.000000] percpu: Embedded 50 pages/cpu s167936 r8192 d28672 u2097152
[    0.000000] PV qspinlock hash table entries: 256 (order: 0, 4096 bytes)
[    0.000000] Built 1 zonelists, mobility grouping on.  Total pages: 64377
[    0.000000] Policy zone: DMA32
[    0.000000] Kernel command line: BOOT_IMAGE=/boot/vmlinuz-4.15.0-212-generic root=LABEL=cloudimg-rootfs ro console=tty1 console=ttyS0
[    0.000000] Memory: 208700K/261688K available (12300K kernel code, 2477K rwdata, 4324K rodata, 2480K init, 2720K bss, 52988K reserved, 0K cma-reserved)
[    0.000000] SLUB: HWalign=64, Order=0-3, MinObjects=0, CPUs=1, Nodes=1
[    0.000000] ftrace: allocating 39508 entries in 155 pages
[    0.004000] Hierarchical RCU implementation.
[    0.004000] 	RCU restricting CPUs from NR_CPUS=8192 to nr_cpu_ids=1.
[    0.004000] 	Tasks RCU enabled.
[    0.004000] RCU: Adjusting geometry for rcu_fanout_leaf=16, nr_cpu_ids=1
[    0.004000] NR_IRQS: 524544, nr_irqs: 256, preallocated irqs: 16
[    0.004000] random: crng init done
[    0.004000] Console: colour VGA+ 80x25
[    0.004000] console [tty1] enabled
[    0.004000] console [ttyS0] enabled
[    0.004000] ACPI: Core revision 20170831
[    0.004000] ACPI: 2 ACPI AML tables successfully acquired and loaded
[    0.004000] APIC: Switch to symmetric I/O mode setup
[    0.008000] ..TIMER: vector=0x30 apic1=0 pin1=2 apic2=-1 pin2=-1
[    0.008007] tsc: Detected 3293.728 MHz processor
[    0.012009] Calibrating delay loop (skipped) preset value.. 6587.45 BogoMIPS (lpj=13174912)
[    0.016007] pid_max: default: 32768 minimum: 301
[    0.020033] Security Framework initialized
[    0.024005] Yama: becoming mindful.
[    0.028024] AppArmor: AppArmor initialized
[    0.036066] Dentry cache hash table entries: 32768 (order: 6, 262144 bytes)
[    0.040030] Inode-cache hash table entries: 16384 (order: 5, 131072 bytes)
[    0.044042] Mount-cache hash table entries: 512 (order: 0, 4096 bytes)
[    0.048009] Mountpoint-cache hash table entries: 512 (order: 0, 4096 bytes)
[    0.056929] CPU0: Hyper-Threading is disabled
[    0.060076] Last level iTLB entries: 4KB 512, 2MB 512, 4MB 256
[    0.064003] Last level dTLB entries: 4KB 2048, 2MB 2048, 4MB 1024, 1GB 0
[    0.068003] Spectre V1 : Mitigation: usercopy/swapgs barriers and __user pointer sanitization
[    0.072004] Spectre V2 : Mitigation: Retpolines
[    0.076003] Spectre V2 : Spectre v2 / SpectreRSB mitigation: Filling RSB on context switch
[    0.080007] Spectre V2 : Spectre v2 / SpectreRSB : Filling RSB on VMEXIT
[    0.088000] Freeing SMP alternatives memory: 36K
[    0.200525] smpboot: CPU0: AMD Ryzen 5 5600H with Radeon Graphics (family: 0x19, model: 0x50, stepping: 0x0)
[    0.204201] Performance Events: PMU not available due to virtualization, using software events only.
[    0.208076] Hierarchical SRCU implementation.
[    0.212637] NMI watchdog: Perf event create on CPU 0 failed with -2
[    0.216007] NMI watchdog: Perf NMI watchdog permanently disabled
[    0.220076] smp: Bringing up secondary CPUs ...
[    0.224079] smp: Brought up 1 node, 1 CPU
[    0.228007] smpboot: Max logical packages: 1
[    0.232008] smpboot: Total of 1 processors activated (6587.45 BogoMIPS)
[    0.236126] devtmpfs: initialized
[    0.240054] x86/mm: Memory block size: 128MB
[    0.244128] evm: security.selinux
[    0.248009] evm: security.SMACK64
[    0.251209] evm: security.SMACK64EXEC
[    0.252005] evm: security.SMACK64TRANSMUTE
[    0.256004] evm: security.SMACK64MMAP
[    0.260003] evm: security.apparmor
[    0.264004] evm: security.ima
[    0.268004] evm: security.capability
[    0.272163] clocksource: jiffies: mask: 0xffffffff max_cycles: 0xffffffff, max_idle_ns: 7645041785100000 ns
[    0.280095] futex hash table entries: 256 (order: 2, 16384 bytes)
[    0.284079] pinctrl core: initialized pinctrl subsystem
[    0.288619] RTC time:  0:25:36, date: 08/12/24
[    0.292179] NET: Registered protocol family 16
[    0.296091] audit: initializing netlink subsys (disabled)
[    0.300211] cpuidle: using governor ladder
[    0.304015] audit: type=2000 audit(1723422342.077:1): state=initialized audit_enabled=0 res=1
[    0.308018] cpuidle: using governor menu
[    0.317802] ACPI: bus type PCI registered
[    0.320008] acpiphp: ACPI Hot Plug PCI Controller Driver version: 0.5
[    0.324366] PCI: Using configuration type 1 for base access
[    0.328005] PCI: Using configuration type 1 for extended access
[    0.333129] HugeTLB registered 2.00 MiB page size, pre-allocated 0 pages
[    0.336185] ACPI: Added _OSI(Module Device)
[    0.340006] ACPI: Added _OSI(Processor Device)
[    0.344004] ACPI: Added _OSI(3.0 _SCP Extensions)
[    0.348010] ACPI: Added _OSI(Processor Aggregator Device)
[    0.352029] ACPI: Added _OSI(Linux-Dell-Video)
[    0.356058] ACPI: Added _OSI(Linux-Lenovo-NV-HDMI-Audio)
[    0.360007] ACPI: Added _OSI(Linux-HPI-Hybrid-Graphics)
[    0.365259] ACPI: Executed 1 blocks of module-level executable AML code
[    0.374385] ACPI: Interpreter enabled
[    0.376017] ACPI: (supports S0 S5)
[    0.380006] ACPI: Using IOAPIC for interrupt routing
[    0.384457] PCI: Using host bridge windows from ACPI; if necessary, use "pci=nocrs" and report a bug
[    0.388349] ACPI: Enabled 2 GPEs in block 00 to 07
[    0.406341] ACPI: PCI Root Bridge [PCI0] (domain 0000 [bus 00-ff])
[    0.408016] acpi PNP0A03:00: _OSC: OS supports [ExtendedConfig ASPM ClockPM Segments MSI]
[    0.416516] acpi PNP0A03:00: _OSC: platform does not support [PCIeCapability]
[    0.424351] acpi PNP0A03:00: _OSC: not requesting control; platform does not support [PCIeCapability]
[    0.428005] acpi PNP0A03:00: _OSC: OS requested [PCIeHotplug PME AER PCIeCapability]
[    0.432012] acpi PNP0A03:00: _OSC: platform willing to grant [PCIeHotplug PME AER]
[    0.436045] acpi PNP0A03:00: _OSC failed (AE_SUPPORT); disabling ASPM
[    0.441117] PCI host bridge to bus 0000:00
[    0.448015] pci_bus 0000:00: root bus resource [io  0x0000-0x0cf7 window]
[    0.452008] pci_bus 0000:00: root bus resource [io  0x0d00-0xffff window]
[    0.456013] pci_bus 0000:00: root bus resource [mem 0x000a0000-0x000bffff window]
[    0.460013] pci_bus 0000:00: root bus resource [mem 0x10000000-0xfdffffff window]
[    0.464007] pci_bus 0000:00: root bus resource [bus 00-ff]
[    0.482321] pci 0000:00:01.1: legacy IDE quirk: reg 0x10: [io  0x01f0-0x01f7]
[    0.484016] pci 0000:00:01.1: legacy IDE quirk: reg 0x14: [io  0x03f6]
[    0.488015] pci 0000:00:01.1: legacy IDE quirk: reg 0x18: [io  0x0170-0x0177]
[    0.492014] pci 0000:00:01.1: legacy IDE quirk: reg 0x1c: [io  0x0376]
[    0.523025] pci 0000:00:07.0: quirk: [io  0x4000-0x403f] claimed by PIIX4 ACPI
[    0.524069] pci 0000:00:07.0: quirk: [io  0x4100-0x410f] claimed by PIIX4 SMB
[    0.540035] ACPI: PCI Interrupt Link [LNKA] (IRQs 5 9 10 *11)
[    0.548780] ACPI: PCI Interrupt Link [LNKB] (IRQs 5 9 *10 11)
[    0.552447] ACPI: PCI Interrupt Link [LNKC] (IRQs 5 *9 10 11)
[    0.556388] ACPI: PCI Interrupt Link [LNKD] (IRQs 5 9 10 *11)
[    0.560524] SCSI subsystem initialized
[    0.564285] pci 0000:00:02.0: vgaarb: setting as boot VGA device
[    0.568000] pci 0000:00:02.0: vgaarb: VGA device added: decodes=io+mem,owns=io+mem,locks=none
[    0.568015] pci 0000:00:02.0: vgaarb: bridge control possible
[    0.572009] vgaarb: loaded
[    0.576271] ACPI: bus type USB registered
[    0.580190] usbcore: registered new interface driver usbfs
[    0.584031] usbcore: registered new interface driver hub
[    0.588030] usbcore: registered new device driver usb
[    0.592092] EDAC MC: Ver: 3.0.0
[    0.596828] PCI: Using ACPI for IRQ routing
[    0.600943] NetLabel: Initializing
[    0.604007] NetLabel:  domain hash size = 128
[    0.608009] NetLabel:  protocols = UNLABELED CIPSOv4 CALIPSO
[    0.612038] NetLabel:  unlabeled traffic allowed by default
[    0.616213] clocksource: Switched to clocksource kvm-clock
[    0.660106] VFS: Disk quotas dquot_6.6.0
[    0.667122] VFS: Dquot-cache hash table entries: 512 (order 0, 4096 bytes)
[    0.674875] AppArmor: AppArmor Filesystem Enabled
[    0.681089] pnp: PnP ACPI init
[    0.687213] pnp: PnP ACPI: found 3 devices
[    0.699113] clocksource: acpi_pm: mask: 0xffffff max_cycles: 0xffffff, max_idle_ns: 2085701024 ns
[    0.708795] NET: Registered protocol family 2
[    0.715008] IP idents hash table entries: 4096 (order: 3, 32768 bytes)
[    0.721683] TCP established hash table entries: 2048 (order: 2, 16384 bytes)
[    0.728594] TCP bind hash table entries: 2048 (order: 3, 32768 bytes)
[    0.736909] TCP: Hash tables configured (established 2048 bind 2048)
[    0.745786] UDP hash table entries: 256 (order: 1, 8192 bytes)
[    0.753838] UDP-Lite hash table entries: 256 (order: 1, 8192 bytes)
[    0.763775] NET: Registered protocol family 1
[    0.768744] pci 0000:00:00.0: Limiting direct PCI/PCI transfers
[    0.776224] pci 0000:00:01.0: Activating ISA DMA hang workarounds
[    0.784405] pci 0000:00:02.0: Video device with shadowed ROM at [mem 0x000c0000-0x000dffff]
[    0.793746] Unpacking initramfs...
[    1.432103] Freeing initrd memory: 19528K
[    1.442598] clocksource: tsc: mask: 0xffffffffffffffff max_cycles: 0x2f7a2765acc, max_idle_ns: 440795282716 ns
[    1.454337] platform rtc_cmos: registered platform RTC device (no PNP device found)
[    1.463954] Scanning for low memory corruption every 60 seconds
[    1.470278] Initialise system trusted keyrings
[    1.474468] Key type blacklist registered
[    1.481638] workingset: timestamp_bits=36 max_order=16 bucket_order=0
[    1.493125] zbud: loaded
[    1.497245] squashfs: version 4.0 (2009/01/31) Phillip Lougher
[    1.503210] fuse init (API version 7.26)
[    1.511581] Key type asymmetric registered
[    1.515859] Asymmetric key parser 'x509' registered
[    1.521171] Block layer SCSI generic (bsg) driver version 0.4 loaded (major 246)
[    1.528886] io scheduler noop registered
[    1.533143] io scheduler deadline registered
[    1.537327] io scheduler cfq registered (default)
[    1.542398] ACPI: AC Adapter [AC] (on-line)
[    1.546773] input: Power Button as /devices/LNXSYSTM:00/LNXPWRBN:00/input/input0
[    1.553749] ACPI: Power Button [PWRF]
[    1.557636] input: Sleep Button as /devices/LNXSYSTM:00/LNXSLPBN:00/input/input1
[    1.564624] ACPI: Sleep Button [SLPF]
[    1.569871] ACPI: Battery Slot [BAT0] (battery present)
[    1.575068] Serial: 8250/16550 driver, 32 ports, IRQ sharing enabled
[    1.614407] 00:02: ttyS0 at I/O 0x3f8 (irq = 4, base_baud = 115200) is a 16550A
[    1.625281] Linux agpgart interface v0.103
[    1.635901] loop: module loaded
[    1.641611] scsi host0: ata_piix
[    1.645351] scsi host1: ata_piix
[    1.649002] ata1: PATA max UDMA/33 cmd 0x1f0 ctl 0x3f6 bmdma 0xd000 irq 14
[    1.657434] ata2: PATA max UDMA/33 cmd 0x170 ctl 0x376 bmdma 0xd008 irq 15
[    1.665147] tun: Universal TUN/TAP device driver, 1.6
[    1.673922] PPP generic driver version 2.4.2
[    1.679472] ehci_hcd: USB 2.0 'Enhanced' Host Controller (EHCI) Driver
[    1.686800] ehci-pci: EHCI PCI platform driver
[    1.691198] ehci-platform: EHCI generic platform driver
[    1.696325] ohci_hcd: USB 1.1 'Open' Host Controller (OHCI) Driver
[    1.702533] ohci-pci: OHCI PCI platform driver
[    1.708157] ohci-platform: OHCI generic platform driver
[    1.714739] uhci_hcd: USB Universal Host Controller Interface driver
[    1.721394] i8042: PNP: PS/2 Controller [PNP0303:PS2K,PNP0f03:PS2M] at 0x60,0x64 irq 1,12
[    1.734937] serio: i8042 KBD port at 0x60,0x64 irq 1
[    1.740542] serio: i8042 AUX port at 0x60,0x64 irq 12
[    1.745954] mousedev: PS/2 mouse device common for all mice
[    1.753521] input: AT Translated Set 2 keyboard as /devices/platform/i8042/serio0/input/input2
[    1.768309] rtc_cmos rtc_cmos: rtc core: registered rtc_cmos as rtc0
[    1.776623] rtc_cmos rtc_cmos: alarms up to one day, 114 bytes nvram
[    1.785550] i2c /dev entries driver
[    1.790728] device-mapper: uevent: version 1.0.3
[    1.800590] device-mapper: ioctl: 4.37.0-ioctl (2017-09-20) initialised: dm-devel@redhat.com
[    1.810678] ledtrig-cpu: registered to indicate activity on CPUs
[    1.816806] NET: Registered protocol family 10
[    1.889551] Segment Routing with IPv6
[    1.893817] NET: Registered protocol family 17
[    1.898661] Key type dns_resolver registered
[    1.903728] mce: Using 0 MCE banks
[    1.907668] RAS: Correctable Errors collector initialized.
[    1.913532] sched_clock: Marking stable (1913446724, 0)->(3050360322, -1136913598)
[    1.925230] registered taskstats version 1
[    1.930949] Loading compiled-in X.509 certificates
[    1.938888] Loaded X.509 cert 'Build time autogenerated kernel key: b5b26778eaa3ab3a4a6cee031137706e947d12ad'
[    1.948875] Loaded X.509 cert 'Canonical Ltd. Live Patch Signing: 14df34d1a87cf37625abec039ef2bf521249b969'
[    1.959430] Loaded X.509 cert 'Canonical Ltd. Kernel Module Signing: 88f752e560a1e0737e31163a466ad7b70a850c19'
[    1.972680] blacklist: Loading compiled-in revocation X.509 certificates
[    1.981368] Loaded X.509 cert 'Canonical Ltd. Secure Boot Signing: 61482aa2830d0ab2ad5af10b7250da9033ddcef0'
[    1.993729] Loaded X.509 cert 'Canonical Ltd. Secure Boot Signing (2017): 242ade75ac4a15e50d50c84b0d45ff3eae707a03'
[    2.006432] Loaded X.509 cert 'Canonical Ltd. Secure Boot Signing (ESM 2018): 365188c1d374d6b07c3c8f240f8ef722433d6a8b'
[    2.016698] Loaded X.509 cert 'Canonical Ltd. Secure Boot Signing (2019): c0746fd6c5da3ae827864651ad66ae47fe24b3e8'
[    2.026371] Loaded X.509 cert 'Canonical Ltd. Secure Boot Signing (2021 v1): a8d54bbb3825cfb94fa13c9f8a594a195c107b8d'
[    2.038121] Loaded X.509 cert 'Canonical Ltd. Secure Boot Signing (2021 v2): 4cf046892d6fd3c9a5b03f98d845f90851dc6a8c'
[    2.048947] Loaded X.509 cert 'Canonical Ltd. Secure Boot Signing (2021 v3): 100437bb6de6e469b581e61cd66bce3ef4ed53af'
[    2.058805] Loaded X.509 cert 'Canonical Ltd. Secure Boot Signing (Ubuntu Core 2019): c1d57b8f6b743f23ee41f4f7ee292f06eecadfb9'
[    2.069903] zswap: loaded using pool lzo/zbud
[    2.080854] Key type big_key registered
[    2.085948] Key type trusted registered
[    2.093482] Key type encrypted registered
[    2.097977] AppArmor: AppArmor sha1 policy hashing enabled
[    2.103653] ima: No TPM chip found, activating TPM-bypass! (rc=-19)
[    2.110664] ima: Allocated hash algorithm: sha1
[    2.116847] evm: HMAC attrs: 0x1
[    2.121373]   Magic number: 4:285:405
[    2.125391] rtc_cmos rtc_cmos: setting system clock to 2024-08-12 00:25:38 UTC (1723422338)
[    2.133540] BIOS EDD facility v0.16 2004-Jun-25, 0 devices found
[    2.139952] EDD information not available.
[    2.149021] Freeing unused kernel image memory: 2480K
[    2.160810] Write protecting the kernel read-only data: 20480k
[    2.169103] Freeing unused kernel image memory: 2008K
[    2.175967] Freeing unused kernel image memory: 1820K
[    2.184446] x86/mm: Checked W+X mappings: passed, no W+X pages found.
Loading, please wait...
starting version 237
[    2.314617] e1000: Intel(R) PRO/1000 Network Driver - version 7.3.21-k8-NAPI
[    2.324159] e1000: Copyright (c) 1999-2006 Intel Corporation.
[    2.335134] Fusion MPT base driver 3.04.20
[    2.339772] Copyright (c) 1999-2008 LSI Corporation
[    2.375528] SSE version of gcm_enc/dec engaged.
[    2.410801] Fusion MPT SPI Host driver 3.04.20
[    2.626276] input: ImExPS/2 Generic Explorer Mouse as /devices/platform/i8042/serio1/input/input4
[    3.222459] e1000 0000:00:03.0 eth0: (PCI:33MHz:32-bit) 02:3b:7b:b7:3b:2d
[    3.228952] e1000 0000:00:03.0 eth0: Intel(R) PRO/1000 Network Connection
[    3.242169] e1000 0000:00:03.0 enp0s3: renamed from eth0
[    3.249613] mptbase: ioc0: Initiating bringup
[    3.366969] ioc0: LSI53C1030 A0: Capabilities={Initiator}
[    3.623938] scsi host2: ioc0: LSI53C1030 A0, FwRev=00000000h, Ports=1, MaxQ=256, IRQ=20
[    3.801199] scsi 2:0:0:0: Direct-Access     VBOX     HARDDISK         1.0  PQ: 0 ANSI: 5
[    3.809212] scsi target2:0:0: Beginning Domain Validation
[    3.821114] scsi target2:0:0: Domain Validation skipping write tests
[    3.827924] scsi target2:0:0: Ending Domain Validation
[    3.834633] scsi target2:0:0: asynchronous
[    3.842241] scsi 2:0:1:0: Direct-Access     VBOX     HARDDISK         1.0  PQ: 0 ANSI: 5
[    3.850416] scsi target2:0:1: Beginning Domain Validation
[    3.863131] scsi target2:0:1: Domain Validation skipping write tests
[    3.870464] scsi target2:0:1: Ending Domain Validation
[    3.878665] scsi target2:0:1: asynchronous
[    3.896939] sd 2:0:0:0: [sda] 83886080 512-byte logical blocks: (42.9 GB/40.0 GiB)
[    3.905383] sd 2:0:0:0: Attached scsi generic sg0 type 0
[    3.911317] sd 2:0:0:0: [sda] Write Protect is off
[    3.917925] sd 2:0:1:0: [sdb] 20480 512-byte logical blocks: (10.5 MB/10.0 MiB)
[    3.926173] sd 2:0:1:0: Attached scsi generic sg1 type 0
[    3.932684] sd 2:0:0:0: [sda] Incomplete mode parameter data
[    3.938082] sd 2:0:0:0: [sda] Assuming drive cache: write through
[    3.945295] sd 2:0:1:0: [sdb] Write Protect is off
[    3.952429] sd 2:0:1:0: [sdb] Incomplete mode parameter data
[    3.960407] sd 2:0:1:0: [sdb] Assuming drive cache: write through
[    3.974141]  sda: sda1
[    3.983600] sd 2:0:0:0: [sda] Attached SCSI disk
[    3.990048] sd 2:0:1:0: [sdb] Attached SCSI disk
Begin: Loading essential drivers ... [    5.860136] raid6: sse2x1   gen()  6935 MB/s
[    5.932045] raid6: sse2x1   xor()  8925 MB/s
[    5.984253] raid6: sse2x2   gen()  9858 MB/s
[    6.056123] raid6: sse2x2   xor()  9402 MB/s
[    6.108280] raid6: sse2x4   gen() 10786 MB/s
[    6.160063] raid6: sse2x4   xor()  6233 MB/s
[    6.165202] raid6: using algorithm sse2x4 gen() 10786 MB/s
[    6.172119] raid6: .... xor() 6233 MB/s, rmw enabled
[    6.176953] raid6: using ssse3x2 recovery algorithm
[    6.182709] xor: measuring software checksum speed
[    6.284179]    prefetch64-sse: 38203.000 MB/sec
[    6.388139]    generic_sse: 32451.000 MB/sec
[    6.394261] xor: using function: prefetch64-sse (38203.000 MB/sec)
[    6.404300] async_tx: api initialized (async)
done.
Begin: Running /scripts/init-premount ... done.
Begin: Mounting root file system ... Begin: Running /scripts/local-top ... done.
Begin: Running /scripts/local-premount ... [    6.472199] Btrfs loaded, crc32c=crc32c-intel
Scanning for Btrfs filesystems
done.
Warning: fsck not present, so skipping root file system
[    6.524235] EXT4-fs (sda1): mounted filesystem with ordered data mode. Opts: (null)
done.
Begin: Running /scripts/local-bottom ... done.
Begin: Running /scripts/init-bottom ... done.
[    6.783989] ip_tables: (C) 2000-2006 Netfilter Core Team
[    6.808406] systemd[1]: systemd 237 running in system mode. (+PAM +AUDIT +SELINUX +IMA +APPARMOR +SMACK +SYSVINIT +UTMP +LIBCRYPTSETUP +GCRYPT +GNUTLS +ACL +XZ +LZ4 +SECCOMP +BLKID +ELFUTILS +KMOD -IDN2 +IDN -PCRE2 default-hierarchy=hybrid)
[    6.838540] systemd[1]: Detected virtualization oracle.
[    6.845433] systemd[1]: Detected architecture x86-64.

Welcome to [1mUbuntu 18.04.6 LTS[0m!

[    6.857905] systemd[1]: Set hostname to <ubuntu-bionic>.
[    7.202897] systemd[1]: Reached target Mounting snaps.
[[0;32m  OK  [0m] Reached target Mounting snaps.
[    7.213219] systemd[1]: Reached target Mounted snaps.
[[0;32m  OK  [0m] Reached target Mounted snaps.
[    7.223012] systemd[1]: Reached target User and Group Name Lookups.
[[0;32m  OK  [0m] Reached target User and Group Name Lookups.
[    7.234624] systemd[1]: Reached target Swap.
[[0;32m  OK  [0m] Reached target Swap.
[    7.243848] systemd[1]: Created slice User and Session Slice.
[[0;32m  OK  [0m] Created slice User and Session Slice.
[    7.257226] systemd[1]: Set up automount Arbitrary Executable File Formats File System Automount Point.
[[0;32m  OK  [0m] Set up automount Arbitrary Executab…rmats File System Automount Point.
[[0;32m  OK  [0m] Created slice System Slice.
[[0;32m  OK  [0m] Listening on LVM2 poll daemon socket.
[[0;32m  OK  [0m] Listening on LVM2 metadata daemon socket.
[[0;32m  OK  [0m] Created slice system-serial\x2dgetty.slice.
[[0;32m  OK  [0m] Listening on Journal Audit Socket.
[[0;32m  OK  [0m] Listening on Device-mapper event daemon FIFOs.
[[0;32m  OK  [0m] Listening on Syslog Socket.
[[0;32m  OK  [0m] Listening on udev Control Socket.
[[0;32m  OK  [0m] Listening on udev Kernel Socket.
[[0;32m  OK  [0m] Listening on fsck to fsckd communication Socket.
[[0;32m  OK  [0m] Listening on Network Service Netlink Socket.
[[0;32m  OK  [0m] Listening on Journal Socket (/dev/log).
[[0;32m  OK  [0m] Listening on Journal Socket.
         Starting Journal Service...
         Starting Uncomplicated firewall...
         Starting Create list of required st…ce nodes for the current kernel...
         Starting File System Check on Root Device...
         Starting Load Kernel Modules...
         Starting Set the console keyboard layout...
         Mounting Huge Pages File System...
         Starting Monitoring of LVM2 mirrors…ng dmeventd or progress polling...
[    7.460088] Loading iSCSI transport class v2.0-870.
         Starting udev Coldplug all Devices...
         Mounting Kernel Debug File System...
[[0;32m  OK  [0m] Started Forward Password Requests to Wall Directory Watch.
         Mounting POSIX Message Queue File System...
[[0;32m  OK  [0m] Reached target Slices.
[[0;32m  OK  [0m] Listening on /dev/initctl Compatibility Named Pipe.[    7.550460] iscsi: registered transport (tcp)

[[0;32m  OK  [0m] Reached target System Time Synchronized.
[[0;32m  OK  [0m] Started Journal Service.
[[0;32m  OK  [0m] Started Uncomplicated firewall.
[[0;32m  OK  [0m] Started Create list of required sta…vice nodes for the current kernel.
[[0;32m  OK  [0m] Started File System Check on Root Device.
[[0;32m  OK  [0m] Mounted Huge Pages File System.
[[0;32m  OK  [0m] Mounted Kernel Debug File System.
[[0;32m  OK  [0m] Mounted POSIX Message Queue File System.
[[0;32m  OK  [0m] Started LVM2 metadata daemon.
[[0;32m  OK  [0m] Started File System Check Daemon to report status.
         Starting Remount Root and Kernel File Systems...
         Starting Create Static Device Nodes in /dev...
[[0;32m  OK  [0m] Started Create Static Device Nodes in /dev.
[[0;32m  OK  [0m] [    7.764625] EXT4-fs (sda1): re-mounted. Opts: (null)
Started udev Coldplug all Devices.
[    7.774941] iscsi: registered transport (iser)
[[0;32m  OK  [0m] Started Monitoring of LVM2 mirrors,…sing dmeventd or progress polling.
[[0;32m  OK  [0m] Started Load Kernel Modules.
[[0;32m  OK  [0m] Started Set the console keyboard layout.
[[0;32m  OK  [0m] Started Remount Root and Kernel File Systems.
         Starting udev Kernel Device Manager...
         Starting Flush Journal to Persistent Storage...
         Starting Load/Save Random Seed...
         Mounting FUSE Control File System...
         Mounting Kernel Configuration File System...
         Starting Apply Kernel Variables...
[[0;32m  OK  [0m] Reached target Local File Systems (Pre).
[[0;32m  OK  [0m] Reached target Local File Systems.
         Starting Set console font and keymap...
         Starting AppArmor initialization...
         Starting Tell Plymouth To Write Out Runtime Data...
         Starting ebtables ruleset management...
[[0;32m  OK  [0m] Started udev Kernel Device Manager.
[[0;32m  OK  [0m] Started Load/Save Random Seed.
[[0;32m  OK  [0m] Mounted FUSE Control File System.
[[0;32m  OK  [0m] Mounted Kernel Configuration File System.
[[0;32m  OK  [0m] Started Set console font and keymap.
[[0;32m  OK  [0m] Started Tell Plymouth To Write Out Runtime Data.
[[0;32m  OK  [0m] Started Dispatch Password Requests to Console Directory Watch.
[[0;32m  OK  [0m] Reached target Local Encrypted Volumes.
[[0;32m  OK  [0m] Started Apply Kernel Variables.
[[0;32m  OK  [0m] Started ebtables ruleset management.
[[0;32m  OK  [0m] Started Flush Journal to Persistent Storage.
         Starting Create Volatile Files and Directories...
[[0;32m  OK  [0m] Started Create Volatile Files and Directories.
         Starting Update UTMP about System Boot/Shutdown...
[[0;32m  OK  [0m] Started Update UTMP about System Boot/Shutdown.
[[0;32m  OK  [0m] Started AppArmor initialization.
         Starting Load AppArmor profiles managed internally by snapd...
         Starting Initial cloud-init job (pre-networking)...
         Mounting Arbitrary Executable File Formats File System...
[[0;32m  OK  [0m] Mounted Arbitrary Executable File Formats File System.
[[0;32m  OK  [0m] Started Load AppArmor profiles managed internally by snapd.
[[0;32m  OK  [0m] Found device /dev/ttyS0.
[[0;32m  OK  [0m] Listening on Load/Save RF Kill Switch Status /dev/rfkill Watch.
[   12.056945] cloud-init[528]: Cloud-init v. 23.1.2-0ubuntu0~18.04.1 running 'init-local' at Mon, 12 Aug 2024 00:25:48 +0000. Up 11.84 seconds.
[[0;32m  OK  [0m] Started Initial cloud-init job (pre-networking).
[[0;32m  OK  [0m] Reached target Network (Pre).
         Starting Network Service...
[[0;32m  OK  [0m] Started Network Service.
         Starting Network Name Resolution...
         Starting Wait for Network to be Configured...
[[0;32m  OK  [0m] Started Network Name Resolution.
[[0;32m  OK  [0m] Reached target Host and Network Name Lookups.
[[0;32m  OK  [0m] Reached target Network.
[[0;32m  OK  [0m] Started Wait for Network to be Configured.
         Starting Initial cloud-init job (metadata service crawler)...
[   14.411763] cloud-init[662]: Cloud-init v. 23.1.2-0ubuntu0~18.04.1 running 'init' at Mon, 12 Aug 2024 00:25:50 +0000. Up 14.28 seconds.
[   14.424970] cloud-init[662]: ci-info: ++++++++++++++++++++++++++++++++++++++Net device info++++++++++++++++++++++++++++++++++++++
[   14.439297] cloud-init[662]: ci-info: +--------+------+----------------------------+---------------+--------+-------------------+
[   14.450732] cloud-init[662]: ci-info: | Device |  Up  |          Address           |      Mask     | Scope  |     Hw-Address    |
[   14.470857] cloud-init[662]: ci-info: +--------+------+----------------------------+---------------+--------+-------------------+
[   14.491263] cloud-init[662]: ci-info: | enp0s3 | True |         10.0.2.15          | 255.255.255.0 | global | 02:3b:7b:b7:3b:2d |
[   14.508773] cloud-init[662]: ci-info: | enp0s3 | True | fe80::3b:7bff:feb7:3b2d/64 |       .       |  link  | 02:3b:7b:b7:3b:2d |
[   14.522324] cloud-init[662]: ci-info: |   lo   | True |         127.0.0.1          |   255.0.0.0   |  host  |         .         |
[   14.535097] cloud-init[662]: ci-info: |   lo   | True |          ::1/128           |       .       |  host  |         .         |
[   14.546457] cloud-init[662]: ci-info: +--------+------+----------------------------+---------------+--------+-------------------+
[   14.562687] cloud-init[662]: ci-info: ++++++++++++++++++++++++++++Route IPv4 info+++++++++++++++++++++++++++++
[   14.578605] cloud-init[662]: ci-info: +-------+-------------+----------+-----------------+-----------+-------+
[   14.593460] cloud-init[662]: ci-info: | Route | Destination | Gateway  |     Genmask     | Interface | Flags |
[   14.602731] cloud-init[662]: ci-info: +-------+-------------+----------+-----------------+-----------+-------+
[   14.613928] cloud-init[662]: ci-info: |   0   |   0.0.0.0   | 10.0.2.2 |     0.0.0.0     |   enp0s3  |   UG  |
[   14.622723] cloud-init[662]: ci-info: |   1   |   10.0.2.0  | 0.0.0.0  |  255.255.255.0  |   enp0s3  |   U   |
[   14.632722] cloud-init[662]: ci-info: |   2   |   10.0.2.2  | 0.0.0.0  | 255.255.255.255 |   enp0s3  |   UH  |
[   14.641104] cloud-init[662]: ci-info: +-------+-------------+----------+-----------------+-----------+-------+
[   14.658855] cloud-init[662]: ci-info: +++++++++++++++++++Route IPv6 info+++++++++++++++++++
[   14.687796] cloud-init[662]: ci-info: +-------+-------------+---------+-----------+-------+
[   14.699101] cloud-init[662]: ci-info: | Route | Destination | Gateway | Interface | Flags |
[   14.714469] cloud-init[662]: ci-info: +-------+-------------+---------+-----------+-------+
[   14.737102] cloud-init[662]: ci-info: |   1   |  fe80::/64  |    ::   |   enp0s3  |   U   |
[   14.750222] cloud-init[662]: ci-info: |   3   |    local    |    ::   |   enp0s3  |   U   |
[   14.772665] cloud-init[662]: ci-info: |   4   |   ff00::/8  |    ::   |   enp0s3  |   U   |
[   14.779644] cloud-init[662]: ci-info: +-------+-------------+---------+-----------+-------+
[[0;32m  OK  [0m] Started Initial cloud-init job (metadata service crawler).
[[0;32m  OK  [0m] Reached target Network is Online.
[[0;32m  OK  [0m] Reached target Remote File Systems (Pre).
         Starting Availability of block devices...
         Mounting /vagrant...
[[0;32m  OK  [0m] Reached target System Initialization.
[[0;32m  OK  [0m] Started Discard unused blocks once a week.
[[0;32m  OK  [0m] Listening on D-Bus System Message Bus Socket.
[[0;32m  OK  [0m] Started Message of the Day.
[[0;32m  OK  [0m] Started ACPI Events Check.
         Starting LXD - unix socket.
[[0;32m  OK  [0m] Listening on ACPID Listen Socket.
         Starting Socket activation for snappy daemon.
[[0;32m  OK  [0m] Listening on UUID daemon activation socket.
[[0;32m  OK  [0m] Started Daily apt download activities.
[[0;32m  OK  [0m] Started Daily Cleanup of Temporary Directories.
[[0;32m  OK  [0m] Listening on Open-iSCSI iscsid Socket.
[[0;32m  OK  [0m] Started Daily apt upgrade and clean activities.
[[0;32m  OK  [0m] Reached target Paths.
[[0;32m  OK  [0m] Started Ubuntu Advantage Timer for running repeated jobs.
[[0;32m  OK  [0m] Reached target Timers.
[[0;32m  OK  [0m] Listening on cloud-init hotplug hook socket.
[[0;32m  OK  [0m] Reached target Cloud-config availability.
[[0;32m  OK  [0m] Started Availability of block devices.
[[0;32m  OK  [0m] Mounted /vagrant.
[[0;32m  OK  [0m] Listening on LXD - unix socket.
[[0;32m  OK  [0m] Listening on Socket activation for snappy daemon.
[[0;32m  OK  [0m] Reached target Sockets.
[[0;32m  OK  [0m] Reached target Basic System.
[[0;32m  OK  [0m] Started irqbalance daemon.
[[0;32m  OK  [0m] Reached target Login Prompts (Pre).
[[0;32m  OK  [0m] Started FUSE filesystem for LXC.
         Starting Virtualbox guest utils...
         Starting LXD - container startup/shutdown...
         Starting Login Service...
[[0;32m  OK  [0m] Started Regular background program processing daemon.
         Starting Dispatcher daemon for systemd-networkd...
         Starting LSB: Record successful boot for GRUB...
[[0;32m  OK  [0m] Started Deferred execution scheduler.
[[0;32m  OK  [0m] Started D-Bus System Message Bus.
[[0;32m  OK  [0m] Started Login Service.
[[0;32m  OK  [0m] Started Unattended Upgrades Shutdown.
         Starting Accounts Service...
         Starting System Logging Service...
         Starting Snap Daemon...
         Starting OpenBSD Secure Shell server...
[[0;32m  OK  [0m] Reached target Remote File Systems.
         Starting Permit User Sessions...
         Starting LSB: automatic crash report generation...
[[0;32m  OK  [0m] Started System Logging Service.
[[0;32m  OK  [0m] Started LXD - container startup/shutdown.
[[0;32m  OK  [0m] Started Permit User Sessions.
         Starting Terminate Plymouth Boot Screen...
         Starting Hold until boot process finishes up...
         Starting Authorization Manager...
[[0;32m  OK  [0m] Started OpenBSD Secure Shell server.
[[0;32m  OK  [0m] Started Terminate Plymouth Boot Screen.
[[0;32m  OK  [0m] Started Hold until boot process finishes up.
[[0;32m  OK  [0m] Started Serial Getty on ttyS0.
         Starting Set console scheme...
[[0;32m  OK  [0m] Started Authorization Manager.
[[0;32m  OK  [0m] Started Accounts Service.
[[0;32m  OK  [0m] Started Set console scheme.
[[0;32m  OK  [0m] Created slice system-getty.slice.
[[0;32m  OK  [0m] Started Getty on tty1.
[[0;32m  OK  [0m] Reached target Login Prompts.
[[0;32m  OK  [0m] Started LSB: automatic crash report generation.
[[0;32m  OK  [0m] Started LSB: Record successful boot for GRUB.
[[0;32m  OK  [0m] Started Dispatcher daemon for systemd-networkd.
[[0;32m  OK  [0m] Started Virtualbox guest utils.
[[0;32m  OK  [0m] Started Snap Daemon.
         Starting Wait until snapd is fully seeded...
         Starting Time & Date Service...
[[0;32m  OK  [0m] Started Time & Date Service.
[[0;32m  OK  [0m] Created slice User Slice of vagrant.
[[0;32m  OK  [0m] Started Wait until snapd is fully seeded.
[[0;32m  OK  [0m] Started Session 1 of user vagrant.
         Starting User Manager for UID 1000...
         Starting Apply the settings specified in cloud-config...
[[0;32m  OK  [0m] Started User Manager for UID 1000.
[   18.696908] cloud-init[1084]: Cloud-init v. 23.1.2-0ubuntu0~18.04.1 running 'modules:config' at Mon, 12 Aug 2024 00:25:54 +0000. Up 18.50 seconds.
[[0;32m  OK  [0m] Started Apply the settings specified in cloud-config.
[[0;32m  OK  [0m] Reached target Multi-User System.
[[0;32m  OK  [0m] Reached target Graphical Interface.
         Starting Update UTMP about System Runlevel Changes...
         Starting Execute cloud user/final scripts...
[[0;32m  OK  [0m] Started Update UTMP about System Runlevel Changes.
[   19.804508] cloud-init[1215]: Cloud-init v. 23.1.2-0ubuntu0~18.04.1 running 'modules:final' at Mon, 12 Aug 2024 00:25:56 +0000. Up 19.65 seconds.
[   19.827508] cloud-init[1215]: Cloud-init v. 23.1.2-0ubuntu0~18.04.1 finished at Mon, 12 Aug 2024 00:25:56 +0000. Datasource DataSourceNoCloud [seed=/dev/sdb][dsmode=net].  Up 19.79 seconds
[[0;32m  OK  [0m] Started Execute cloud user/final scripts.
[[0;32m  OK  [0m] Reached target Cloud-init target.

Ubuntu 18.04.6 LTS ubuntu-bionic ttyS0

ubuntu-bionic login: 